  ProcProgrammingTasks.cpp
d:\cppfiles\mirea\procprogrammingtasks\procprogrammingtasks\functions.h(19): warning C4018: <: несоответствие типов со знаком и без знака
d:\cppfiles\mirea\procprogrammingtasks\procprogrammingtasks\functions.h(30): warning C4018: <: несоответствие типов со знаком и без знака
d:\cppfiles\mirea\procprogrammingtasks\procprogrammingtasks\functions.h(41): warning C4018: <: несоответствие типов со знаком и без знака
d:\cppfiles\mirea\procprogrammingtasks\procprogrammingtasks\procprogrammingtasks.cpp(249): warning C4244: аргумент: преобразование "time_t" в "unsigned int", возможна потеря данных
d:\cppfiles\mirea\procprogrammingtasks\procprogrammingtasks\procprogrammingtasks.cpp(477): warning C4244: инициализация: преобразование "std::streamsize" в "int", возможна потеря данных
d:\cppfiles\mirea\procprogrammingtasks\procprogrammingtasks\procprogrammingtasks.cpp(522): warning C4101: p: неиспользованная локальная переменная
d:\cppfiles\mirea\procprogrammingtasks\procprogrammingtasks\procprogrammingtasks.cpp(694): warning C4018: <: несоответствие типов со знаком и без знака
d:\cppfiles\mirea\procprogrammingtasks\procprogrammingtasks\procprogrammingtasks.cpp(696): warning C4018: <: несоответствие типов со знаком и без знака
d:\cppfiles\mirea\procprogrammingtasks\procprogrammingtasks\procprogrammingtasks.cpp(706): warning C4018: <: несоответствие типов со знаком и без знака
d:\cppfiles\mirea\procprogrammingtasks\procprogrammingtasks\procprogrammingtasks.cpp(1076): warning C4018: <: несоответствие типов со знаком и без знака
d:\cppfiles\mirea\procprogrammingtasks\procprogrammingtasks\procprogrammingtasks.cpp(1078): warning C4018: <: несоответствие типов со знаком и без знака
d:\cppfiles\mirea\procprogrammingtasks\procprogrammingtasks\procprogrammingtasks.cpp(1136): warning C4018: <: несоответствие типов со знаком и без знака
d:\cppfiles\mirea\procprogrammingtasks\procprogrammingtasks\procprogrammingtasks.cpp(1157): warning C4018: <: несоответствие типов со знаком и без знака
d:\cppfiles\mirea\procprogrammingtasks\procprogrammingtasks\procprogrammingtasks.cpp(1357): warning C4018: <: несоответствие типов со знаком и без знака
d:\cppfiles\mirea\procprogrammingtasks\procprogrammingtasks\procprogrammingtasks.cpp(1403): warning C4244: +=: преобразование "double" в "int64_t", возможна потеря данных
d:\cppfiles\mirea\procprogrammingtasks\procprogrammingtasks\procprogrammingtasks.cpp(1414): warning C4018: <: несоответствие типов со знаком и без знака
d:\cppfiles\mirea\procprogrammingtasks\procprogrammingtasks\procprogrammingtasks.cpp(1504): warning C4244: +=: преобразование "double" в "int64_t", возможна потеря данных
d:\cppfiles\mirea\procprogrammingtasks\procprogrammingtasks\procprogrammingtasks.cpp(1610): warning C4018: <: несоответствие типов со знаком и без знака
d:\cppfiles\mirea\procprogrammingtasks\procprogrammingtasks\procprogrammingtasks.cpp(1612): warning C4018: <: несоответствие типов со знаком и без знака
d:\cppfiles\mirea\procprogrammingtasks\procprogrammingtasks\procprogrammingtasks.cpp(1688): warning C4018: <: несоответствие типов со знаком и без знака
d:\cppfiles\mirea\procprogrammingtasks\procprogrammingtasks\procprogrammingtasks.cpp(1706): warning C4018: <: несоответствие типов со знаком и без знака
d:\cppfiles\mirea\procprogrammingtasks\procprogrammingtasks\procprogrammingtasks.cpp(1895): warning C4244: инициализация: преобразование "std::streamsize" в "int", возможна потеря данных
  ProcProgrammingTasks.vcxproj -> D:\CppFiles\mirea\ProcProgrammingTasks\Debug\ProcProgrammingTasks.exe
